<?xml version="1.0" encoding="UTF-8"?>
<testng-results skipped="0" failed="2" total="6" passed="4">
  <reporter-output>
  </reporter-output>
  <suite name="Default suite" duration-ms="2079" started-at="2018-05-14T06:50:44Z" finished-at="2018-05-14T06:50:47Z">
    <groups>
    </groups>
    <test name="Default test" duration-ms="2079" started-at="2018-05-14T06:50:44Z" finished-at="2018-05-14T06:50:47Z">
      <class name="com.movie.rest.api.AppTest">
        <test-method status="PASS" signature="init()[pri:0, instance:com.movie.rest.api.AppTest@100fc185]" name="init" is-config="true" duration-ms="382" started-at="2018-05-14T02:50:44Z" finished-at="2018-05-14T02:50:45Z">
          <reporter-output>
          </reporter-output>
        </test-method> <!-- init -->
        <test-method status="FAIL" signature="SP001()[pri:0, instance:com.movie.rest.api.AppTest@100fc185]" name="SP001" duration-ms="1037" started-at="2018-05-14T02:50:45Z" finished-at="2018-05-14T02:50:46Z">
          <exception class="java.lang.AssertionError">
            <message>
              <![CDATA[null: lists don't have the same size expected [10] but found [11]]]>
            </message>
            <full-stacktrace>
              <![CDATA[java.lang.AssertionError: null: lists don't have the same size expected [10] but found [11]
	at org.testng.Assert.fail(Assert.java:94)
	at org.testng.Assert.failNotEquals(Assert.java:494)
	at org.testng.Assert.assertEquals(Assert.java:123)
	at org.testng.Assert.assertEquals(Assert.java:370)
	at org.testng.Assert.assertEquals(Assert.java:537)
	at org.testng.Assert.assertEquals(Assert.java:514)
	at com.movie.rest.api.AppTest.SP001(AppTest.java:95)
	at sun.reflect.NativeMethodAccessorImpl.invoke0(Native Method)
	at sun.reflect.NativeMethodAccessorImpl.invoke(NativeMethodAccessorImpl.java:62)
	at sun.reflect.DelegatingMethodAccessorImpl.invoke(DelegatingMethodAccessorImpl.java:43)
	at java.lang.reflect.Method.invoke(Method.java:498)
	at org.testng.internal.MethodInvocationHelper.invokeMethod(MethodInvocationHelper.java:80)
	at org.testng.internal.Invoker.invokeMethod(Invoker.java:714)
	at org.testng.internal.Invoker.invokeTestMethod(Invoker.java:901)
	at org.testng.internal.Invoker.invokeTestMethods(Invoker.java:1231)
	at org.testng.internal.TestMethodWorker.invokeTestMethods(TestMethodWorker.java:127)
	at org.testng.internal.TestMethodWorker.run(TestMethodWorker.java:111)
	at org.testng.TestRunner.privateRun(TestRunner.java:767)
	at org.testng.TestRunner.run(TestRunner.java:617)
	at org.testng.SuiteRunner.runTest(SuiteRunner.java:334)
	at org.testng.SuiteRunner.runSequentially(SuiteRunner.java:329)
	at org.testng.SuiteRunner.privateRun(SuiteRunner.java:291)
	at org.testng.SuiteRunner.run(SuiteRunner.java:240)
	at org.testng.SuiteRunnerWorker.runSuite(SuiteRunnerWorker.java:52)
	at org.testng.SuiteRunnerWorker.run(SuiteRunnerWorker.java:86)
	at org.testng.TestNG.runSuitesSequentially(TestNG.java:1198)
	at org.testng.TestNG.runSuitesLocally(TestNG.java:1123)
	at org.testng.TestNG.run(TestNG.java:1031)
	at org.testng.remote.AbstractRemoteTestNG.run(AbstractRemoteTestNG.java:114)
	at org.testng.remote.RemoteTestNG.initAndRun(RemoteTestNG.java:251)
	at org.testng.remote.RemoteTestNG.main(RemoteTestNG.java:77)
]]>
            </full-stacktrace>
          </exception> <!-- java.lang.AssertionError -->
          <reporter-output>
          </reporter-output>
        </test-method> <!-- SP001 -->
        <test-method status="FAIL" signature="SP002()[pri:0, instance:com.movie.rest.api.AppTest@100fc185]" name="SP002" duration-ms="111" started-at="2018-05-14T02:50:46Z" finished-at="2018-05-14T02:50:46Z">
          <exception class="java.lang.AssertionError">
            <message>
              <![CDATA[
Expected: (a string starting with "https://" or (null or an empty string))
     but: was "[https://www.dropbox.com/s/8i8v4ak8tnp03w4/action-blur-electronics-247932.jpg?dl=0, https://www.dropbox.com/s/opfcp4ua5fmdszj/actor-actress-adult-974477.jpg?dl=0, https://www.dropbox.com/s/1qcl5f3o1dmsn0d/adult-beard-electronics-819848.jpg?dl=0, https://www.dropbox.com/s/0j5o30t1h21u2pw/architecture-bluebird-theatre-building-208647.jpg?dl=0, https://www.dropbox.com/s/xs5w5v43lpfg4vj/auditorium-chairs-comfortable-269140.jpg?dl=0, https://www.dropbox.com/s/tr9lhmsukyr62nf/black-and-white-caixa-belas-artes-cinema-65437.jpg?dl=0, https://www.dropbox.com/s/l3qyiomplo1xy2p/candy-delicious-eating-2904.jpg?dl=0, https://www.dropbox.com/s/2jda8hu20y99jxl/cinema-food-movie-theater-33129.jpg?dl=0, https://www.dropbox.com/s/2jda8hu20y99jxl/cinema-food-movie-theater-33129.jpg?dl=0, /sWa1Y5QhGuJMjw8uuFoggGLqZ0y.jpg, null, https://www.dropbox.com/s/2jda8hu20y99jxl/cinema-food-movvvie-theater-33129.jpg?dl=0, null, null, null, null]"]]>
            </message>
            <full-stacktrace>
              <![CDATA[java.lang.AssertionError: 
Expected: (a string starting with "https://" or (null or an empty string))
     but: was "[https://www.dropbox.com/s/8i8v4ak8tnp03w4/action-blur-electronics-247932.jpg?dl=0, https://www.dropbox.com/s/opfcp4ua5fmdszj/actor-actress-adult-974477.jpg?dl=0, https://www.dropbox.com/s/1qcl5f3o1dmsn0d/adult-beard-electronics-819848.jpg?dl=0, https://www.dropbox.com/s/0j5o30t1h21u2pw/architecture-bluebird-theatre-building-208647.jpg?dl=0, https://www.dropbox.com/s/xs5w5v43lpfg4vj/auditorium-chairs-comfortable-269140.jpg?dl=0, https://www.dropbox.com/s/tr9lhmsukyr62nf/black-and-white-caixa-belas-artes-cinema-65437.jpg?dl=0, https://www.dropbox.com/s/l3qyiomplo1xy2p/candy-delicious-eating-2904.jpg?dl=0, https://www.dropbox.com/s/2jda8hu20y99jxl/cinema-food-movie-theater-33129.jpg?dl=0, https://www.dropbox.com/s/2jda8hu20y99jxl/cinema-food-movie-theater-33129.jpg?dl=0, /sWa1Y5QhGuJMjw8uuFoggGLqZ0y.jpg, null, https://www.dropbox.com/s/2jda8hu20y99jxl/cinema-food-movvvie-theater-33129.jpg?dl=0, null, null, null, null]"
	at org.hamcrest.MatcherAssert.assertThat(MatcherAssert.java:20)
	at org.junit.Assert.assertThat(Assert.java:956)
	at org.junit.Assert.assertThat(Assert.java:923)
	at com.movie.rest.api.AppTest.SP002(AppTest.java:116)
	at sun.reflect.NativeMethodAccessorImpl.invoke0(Native Method)
	at sun.reflect.NativeMethodAccessorImpl.invoke(NativeMethodAccessorImpl.java:62)
	at sun.reflect.DelegatingMethodAccessorImpl.invoke(DelegatingMethodAccessorImpl.java:43)
	at java.lang.reflect.Method.invoke(Method.java:498)
	at org.testng.internal.MethodInvocationHelper.invokeMethod(MethodInvocationHelper.java:80)
	at org.testng.internal.Invoker.invokeMethod(Invoker.java:714)
	at org.testng.internal.Invoker.invokeTestMethod(Invoker.java:901)
	at org.testng.internal.Invoker.invokeTestMethods(Invoker.java:1231)
	at org.testng.internal.TestMethodWorker.invokeTestMethods(TestMethodWorker.java:127)
	at org.testng.internal.TestMethodWorker.run(TestMethodWorker.java:111)
	at org.testng.TestRunner.privateRun(TestRunner.java:767)
	at org.testng.TestRunner.run(TestRunner.java:617)
	at org.testng.SuiteRunner.runTest(SuiteRunner.java:334)
	at org.testng.SuiteRunner.runSequentially(SuiteRunner.java:329)
	at org.testng.SuiteRunner.privateRun(SuiteRunner.java:291)
	at org.testng.SuiteRunner.run(SuiteRunner.java:240)
	at org.testng.SuiteRunnerWorker.runSuite(SuiteRunnerWorker.java:52)
	at org.testng.SuiteRunnerWorker.run(SuiteRunnerWorker.java:86)
	at org.testng.TestNG.runSuitesSequentially(TestNG.java:1198)
	at org.testng.TestNG.runSuitesLocally(TestNG.java:1123)
	at org.testng.TestNG.run(TestNG.java:1031)
	at org.testng.remote.AbstractRemoteTestNG.run(AbstractRemoteTestNG.java:114)
	at org.testng.remote.RemoteTestNG.initAndRun(RemoteTestNG.java:251)
	at org.testng.remote.RemoteTestNG.main(RemoteTestNG.java:77)
]]>
            </full-stacktrace>
          </exception> <!-- java.lang.AssertionError -->
          <reporter-output>
          </reporter-output>
        </test-method> <!-- SP002 -->
        <test-method status="PASS" signature="SP003()[pri:0, instance:com.movie.rest.api.AppTest@100fc185]" name="SP003" duration-ms="234" started-at="2018-05-14T02:50:46Z" finished-at="2018-05-14T02:50:46Z">
          <reporter-output>
          </reporter-output>
        </test-method> <!-- SP003 -->
        <test-method status="PASS" signature="SPL004()[pri:0, instance:com.movie.rest.api.AppTest@100fc185]" name="SPL004" duration-ms="92" started-at="2018-05-14T02:50:46Z" finished-at="2018-05-14T02:50:46Z">
          <reporter-output>
          </reporter-output>
        </test-method> <!-- SPL004 -->
        <test-method status="PASS" signature="SPL005()[pri:0, instance:com.movie.rest.api.AppTest@100fc185]" name="SPL005" duration-ms="87" started-at="2018-05-14T02:50:46Z" finished-at="2018-05-14T02:50:46Z">
          <reporter-output>
          </reporter-output>
        </test-method> <!-- SPL005 -->
        <test-method status="PASS" signature="SPL006()[pri:0, instance:com.movie.rest.api.AppTest@100fc185]" name="SPL006" duration-ms="121" started-at="2018-05-14T02:50:46Z" finished-at="2018-05-14T02:50:47Z">
          <reporter-output>
          </reporter-output>
        </test-method> <!-- SPL006 -->
      </class> <!-- com.movie.rest.api.AppTest -->
    </test> <!-- Default test -->
  </suite> <!-- Default suite -->
</testng-results>
